<?xml version="1.0" encoding="UTF-8"?>
<testng-results ignored="2" total="4" passed="2" failed="0" skipped="0">
  <reporter-output>
  </reporter-output>
  <suite started-at="2023-06-14T22:01:17 IST" name="Suite" finished-at="2023-06-14T22:01:24 IST" duration-ms="7270">
    <groups>
    </groups>
    <test started-at="2023-06-14T22:01:17 IST" name="Test" finished-at="2023-06-14T22:01:24 IST" duration-ms="7270">
      <class name="com.testcases.Income_TestCase">
        <test-method signature="income_full_page()[pri:2, instance:com.testcases.Income_TestCase@33bc72d1]" started-at="2023-06-14T22:01:20 IST" name="income_full_page" finished-at="2023-06-14T22:01:24 IST" duration-ms="4400" status="PASS">
          <reporter-output>
          </reporter-output>
        </test-method> <!-- income_full_page -->
      </class> <!-- com.testcases.Income_TestCase -->
      <class name="com.testcases.Login_Testcase">
        <test-method is-config="true" signature="browser()[pri:0, instance:com.testcases.Login_Testcase@5e2c3d18]" started-at="2023-06-14T22:01:11 IST" name="browser" finished-at="2023-06-14T22:01:17 IST" duration-ms="6258" status="PASS">
          <reporter-output>
          </reporter-output>
        </test-method> <!-- browser -->
        <test-method is-config="true" signature="browser_Quit()[pri:0, instance:com.testcases.Login_Testcase@5e2c3d18]" started-at="2023-06-14T22:01:17 IST" name="browser_Quit" finished-at="2023-06-14T22:01:17 IST" duration-ms="0" status="PASS">
          <reporter-output>
          </reporter-output>
        </test-method> <!-- browser_Quit -->
        <test-method signature="verify_Login()[pri:1, instance:com.testcases.Login_Testcase@5e2c3d18]" started-at="2023-06-14T22:01:17 IST" name="verify_Login" finished-at="2023-06-14T22:01:20 IST" duration-ms="2827" status="PASS">
          <reporter-output>
          </reporter-output>
        </test-method> <!-- verify_Login -->
      </class> <!-- com.testcases.Login_Testcase -->
    </test> <!-- Test -->
  </suite> <!-- Suite -->
</testng-results>
