<?xml version="1.0" encoding="UTF-8"?>
<!-- Generated by org.testng.reporters.JUnitXMLReporter -->
<testsuite ignored="2" hostname="DESKTOP-IG79IBO" failures="0" tests="2" name="Test" time="7.27" errors="0" timestamp="2023-06-14T22:01:24 IST">
  <testcase classname="com.testcases.Login_Testcase" name="verify_Login" time="2.827"/>
  <testcase classname="com.testcases.Income_TestCase" name="income_full_page" time="4.4"/>
  <testcase classname="com.crmmain.CrmMain" name="@BeforeSuite browser_Quit" time="0.0">
    <ignored/>
  </testcase> <!-- @BeforeSuite browser_Quit -->
  <testcase classname="com.crmmain.CrmMain" name="@BeforeSuite browser" time="0.0">
    <ignored/>
  </testcase> <!-- @BeforeSuite browser -->
</testsuite> <!-- Test -->
