<?xml version="1.0" encoding="UTF-8"?>
<!-- Generated by org.testng.reporters.JUnitXMLReporter -->
<testsuite ignored="2" hostname="DESKTOP-IG79IBO" failures="0" tests="2" name="Test" time="3.627" errors="0" timestamp="2023-06-21T17:51:16 IST">
  <testcase classname="com.testcases.Login_Testcase" name="verify_Login" time="2.783"/>
  <testcase classname="com.testcases.Logout_TestCase" name="logout_Click" time="0.804"/>
  <testcase classname="com.crmmain.CrmMain" name="@BeforeSuite browser_Quit" time="0.0">
    <ignored/>
  </testcase> <!-- @BeforeSuite browser_Quit -->
  <testcase classname="com.crmmain.CrmMain" name="@BeforeSuite browser" time="0.0">
    <ignored/>
  </testcase> <!-- @BeforeSuite browser -->
</testsuite> <!-- Test -->
